<?xml version="1.0" encoding="UTF-8"?>
<testsuite name="WizardTD.SampleTest" tests="1" skipped="0" failures="0" errors="0" timestamp="2023-09-27T07:11:51" hostname="Hugos-MBP.modem" time="0.022">
  <properties/>
  <testcase name="simpleTest()" classname="WizardTD.SampleTest" time="0.022"/>
  <system-out><![CDATA[]]></system-out>
  <system-err><![CDATA[]]></system-err>
</testsuite>
